<?xml version="1.0" encoding="UTF-8"?>
<robot generator="Robot 7.3.2 (Python 3.13.7 on win32)" generated="2025-09-17T17:23:27.711956" rpa="false" schemaversion="5">
<suite id="s1" name="Singup" source="C:\Users\Ideapad\Documents\Compass UOL\sprint7\MARK85-ROBOT-EXPRESS\singup.robot">
<test id="s1-t1" name="Deve poder cadastrar um novo usuário" line="6">
<kw name="New Browser" owner="Browser">
<msg time="2025-09-17T17:23:27.975845" level="INFO">{"browser": "chromium", "headless": false, "chromiumSandbox": false, "devtools": false, "handleSIGHUP": true, "handleSIGINT": true, "handleSIGTERM": true, "slowMo": 0.0, "timeout": 30000.0, "tracesDir": "C:\\Users\\Ideapad\\Documents\\Compass UOL\\sprint7\\MARK85-ROBOT-EXPRESS\\logs\\browser\\traces\\temp\\82e3ebf5-2f2b-41f5-9946-ef5c7b0c3774"}</msg>
<msg time="2025-09-17T17:23:28.106711" level="INFO">Starting Browser process C:\Users\Ideapad\AppData\Local\Programs\Python\Python313\Lib\site-packages\Browser\wrapper\index.js using at 127.0.0.1:57820</msg>
<msg time="2025-09-17T17:23:30.128488" level="INFO">Successfully created browser with options: {"browser":"chromium","headless":false,"chromiumSandbox":false,"devtools":false,"handleSIGHUP":true,"handleSIGINT":true,"handleSIGTERM":true,"slowMo":0,"timeout":30000,"tracesDir":"C:\\Users\\Ideapad\\Documents\\Compass UOL\\sprint7\\MARK85-ROBOT-EXPRESS\\logs\\browser\\traces\\temp\\82e3ebf5-2f2b-41f5-9946-ef5c7b0c3774"}</msg>
<arg>browser=chromium</arg>
<arg>headless=False</arg>
<tag>BrowserControl</tag>
<tag>Setter</tag>
<doc>Create a new playwright Browser with specified options.</doc>
<status status="PASS" start="2025-09-17T17:23:27.974852" elapsed="2.154087"/>
</kw>
<kw name="New Page" owner="Browser">
<msg time="2025-09-17T17:23:31.423093" level="INFO">Successfully initialized new page object and opened url: http://localhost:3000/signup</msg>
<msg time="2025-09-17T17:23:31.423227" level="INFO">No context was open. New context was automatically opened when this page is created.</msg>
<arg>http://localhost:3000/signup</arg>
<tag>BrowserControl</tag>
<tag>Setter</tag>
<doc>Open a new Page.</doc>
<status status="PASS" start="2025-09-17T17:23:30.132049" elapsed="1.291441"/>
</kw>
<kw name="Wait For Elements State" owner="Browser">
<msg time="2025-09-17T17:23:31.473499" level="INFO">Waited for Element with selector xpath=//h1 at state visible</msg>
<arg>xpath=//h1</arg>
<arg>visible</arg>
<arg>5</arg>
<tag>PageContent</tag>
<tag>Wait</tag>
<doc>Waits for the element found by ``selector`` to satisfy state option.</doc>
<status status="PASS" start="2025-09-17T17:23:31.423979" elapsed="0.049686"/>
</kw>
<kw name="Get Text" owner="Browser">
<msg time="2025-09-17T17:23:31.518238" level="INFO">Text: 'Faça seu cadastro'</msg>
<arg>xpath=//h1</arg>
<arg>equal</arg>
<arg>Faça seu cadastro</arg>
<tag>Assertion</tag>
<tag>Getter</tag>
<tag>PageContent</tag>
<doc>Returns text attribute of the element found by ``selector``.</doc>
<status status="PASS" start="2025-09-17T17:23:31.474085" elapsed="0.044352"/>
</kw>
<kw name="Sleep" owner="BuiltIn">
<msg time="2025-09-17T17:23:41.520027" level="INFO">Slept 10 seconds.</msg>
<arg>10</arg>
<doc>Pauses the test executed for the given time.</doc>
<status status="PASS" start="2025-09-17T17:23:31.518958" elapsed="10.001193"/>
</kw>
<msg time="2025-09-17T17:23:41.541678" level="INFO">Switching context to context=c1239ebd-73de-495f-afdd-4d199ae4e917 in CURRENT</msg>
<msg time="2025-09-17T17:23:41.560125" level="INFO">Successfully changed active context: context=c1239ebd-73de-495f-afdd-4d199ae4e917</msg>
<msg time="2025-09-17T17:23:41.651655" level="INFO">Successfully closed Context</msg>
<status status="PASS" start="2025-09-17T17:23:27.973696" elapsed="13.546988"/>
</test>
<doc>Cenários de testes do cadastro de usuários</doc>
<status status="PASS" start="2025-09-17T17:23:27.713735" elapsed="13.941092"/>
</suite>
<statistics>
<total>
<stat pass="1" fail="0" skip="0">All Tests</stat>
</total>
<tag>
</tag>
<suite>
<stat name="Singup" id="s1" pass="1" fail="0" skip="0">Singup</stat>
</suite>
</statistics>
<errors>
</errors>
</robot>
