<?xml version="1.0" encoding="UTF-8"?>
<robot generator="Robot 7.3.2 (Python 3.13.7 on win32)" generated="2025-08-28T14:37:24.059044" rpa="false" schemaversion="5">
<suite id="s1" name="ExemplosTiposVariaveis" source="C:\Users\Ideapad\Documents\Compass UOL\VariaveisEscoposArgumentos\ExemplosTiposVariaveis.robot">
<test id="s1-t1" name="Caso de teste de exemplo 01" line="14">
<kw name="Uma keyword qualquer 01">
<kw name="Log" owner="BuiltIn">
<msg time="2025-08-28T14:37:24.131153" level="INFO">Vamos ver os tipos de variáveis no robot!</msg>
<arg>${SIMPLES}</arg>
<doc>Logs the given message with the given level.</doc>
<status status="PASS" start="2025-08-28T14:37:24.130909" elapsed="0.000319"/>
</kw>
<kw name="Log" owner="BuiltIn">
<msg time="2025-08-28T14:37:24.132180" level="INFO">Essa tem que ser maça: maça e essa tem que ser morango: morango</msg>
<arg>Essa tem que ser maça: ${FRUTAS[2]} e essa tem que ser morango: ${FRUTAS[0]}</arg>
<doc>Logs the given message with the given level.</doc>
<status status="PASS" start="2025-08-28T14:37:24.131373" elapsed="0.000863"/>
</kw>
<kw name="Log" owner="BuiltIn">
<msg time="2025-08-28T14:37:24.132970" level="INFO">Nome: May Fernandes e email: mayfernandes@exemplo.com.br</msg>
<arg>Nome: ${PESSOA.nome} e email: ${PESSOA.email}</arg>
<doc>Logs the given message with the given level.</doc>
<status status="PASS" start="2025-08-28T14:37:24.132344" elapsed="0.000674"/>
</kw>
<status status="PASS" start="2025-08-28T14:37:24.129309" elapsed="0.003779"/>
</kw>
<status status="PASS" start="2025-08-28T14:37:24.128470" elapsed="0.004942"/>
</test>
<doc>Exemplo de tipos de variáveis: SIMPLES, LISTAS e DICIONÁRIOS</doc>
<status status="PASS" start="2025-08-28T14:37:24.063929" elapsed="0.070403"/>
</suite>
<statistics>
<total>
<stat pass="1" fail="0" skip="0">All Tests</stat>
</total>
<tag>
</tag>
<suite>
<stat name="ExemplosTiposVariaveis" id="s1" pass="1" fail="0" skip="0">ExemplosTiposVariaveis</stat>
</suite>
</statistics>
<errors>
<msg time="2025-08-28T14:37:24.045071" level="WARN">Error in file 'C:\Users\Ideapad\Documents\Compass UOL\VariaveisEscoposArgumentos\ExemplosTiposVariaveis.robot' on line 3: Singular section headers like '*** Variable ***' are deprecated. Use plural format like '*** Variables ***' instead.</msg>
</errors>
</robot>
