<?xml version="1.0" encoding="UTF-8"?>
<robot generator="Robot 7.3.2 (Python 3.13.7 on win32)" generated="2025-09-04T17:42:29.786373" rpa="false" schemaversion="5">
<suite id="s1" name="Api Testing Booking" source="c:\Users\Ideapad\Documents\Compass UOL\TESTES-ROBOT-FRAMEWORK-API\tests\api_testing_booking.robot">
<test id="s1-t1" name="Cenário 03: Retornar todos os IDs 200" line="16">
<kw name="Criar Sessão" owner="api_testing_booking">
<kw name="Create Session" owner="RequestsLibrary">
<msg time="2025-09-04T17:42:30.019576" level="INFO">Creating Session using : alias=API-Reservas, url=https://restful-booker.herokuapp.com, headers={},                     cookies={}, auth=None, timeout=None, proxies=None, verify=False,                     debug=0 </msg>
<arg>alias=API-Reservas</arg>
<arg>url=${url_base}</arg>
<doc>Create Session: create a HTTP session to a server</doc>
<status status="PASS" start="2025-09-04T17:42:30.019160" elapsed="0.006335"/>
</kw>
<status status="PASS" start="2025-09-04T17:42:30.017976" elapsed="0.008526"/>
</kw>
<kw name="GET BOOKING" owner="api_testing_booking">
<kw name="GET On Session" owner="RequestsLibrary">
<msg time="2025-09-04T17:42:30.764144" level="INFO">GET Request : url=https://restful-booker.herokuapp.com/booking 
 path_url=/booking 
 headers={'User-Agent': 'python-requests/2.32.5', 'Accept-Encoding': 'gzip, deflate', 'Accept': '*/*', 'Connection': 'keep-alive'} 
 body=None 
 </msg>
<msg time="2025-09-04T17:42:30.764469" level="INFO">GET Response : url=https://restful-booker.herokuapp.com/booking 
 status=200, reason=OK 
 headers={'Content-Length': '14137', 'Content-Type': 'application/json; charset=utf-8', 'Date': 'Thu, 04 Sep 2025 20:42:32 GMT', 'Etag': 'W/"3739-6QVrxTAhevsD0ExQNFDUpHwHMDU"', 'Nel': '{"report_to":"heroku-nel","response_headers":["Via"],"max_age":3600,"success_fraction":0.01,"failure_fraction":0.1}', 'Report-To': '{"group":"heroku-nel","endpoints":[{"url":"https://nel.heroku.com/reports?s=Uu4aDcW9Pb72eohDG5eBQxGl%2FKwdY2SyMyMq0B%2B0zhw%3D\\u0026sid=c46efe9b-d3d2-4a0c-8c76-bfafa16c5add\\u0026ts=1757018552"}],"max_age":3600}', 'Reporting-Endpoints': 'heroku-nel="https://nel.heroku.com/reports?s=Uu4aDcW9Pb72eohDG5eBQxGl%2FKwdY2SyMyMq0B%2B0zhw%3D&amp;sid=c46efe9b-d3d2-4a0c-8c76-bfafa16c5add&amp;ts=1757018552"', 'Server': 'Heroku', 'Via': '1.1 heroku-router', 'X-Powered-By': 'Express'} 
 body=[{"bookingid":494},{"bookingid":479},{"bookingid":354},{"bookingid":495},{"bookingid":412},{"bookingid":621},{"bookingid":800},{"bookingid":227},{"bookingid":215},{"bookingid":715},{"bookingid":737},{"bookingid":88},{"bookingid":632},{"bookingid":474},{"bookingid":899},{"bookingid":388},{"bookingid":253},{"bookingid":778},{"bookingid":1042},{"bookingid":1033},{"bookingid":909},{"bookingid":745},{"bookingid":984},{"bookingid":385},{"bookingid":547},{"bookingid":714},{"bookingid":368},{"bookingid":660},{"bookingid":861},{"bookingid":971},{"bookingid":265},{"bookingid":3},{"bookingid":935},{"bookingid":790},{"bookingid":1051},{"bookingid":1084},{"bookingid":1001},{"bookingid":879},{"bookingid":601},{"bookingid":1113},{"bookingid":1121},{"bookingid":232},{"bookingid":610},{"bookingid":314},{"bookingid":120},{"bookingid":431},{"bookingid":1099},{"bookingid":743},{"bookingid":586},{"bookingid":1031},{"bookingid":894},{"bookingid":736},{"bookingid":1063},{"bookingid":222},{"bookingid":945},{"bookingid":1037},{"bookingid":1047},{"bookingid":578},{"bookingid":279},{"bookingid":214},{"bookingid":1077},{"bookingid":918},{"bookingid":75},{"bookingid":782},{"bookingid":587},{"bookingid":927},{"bookingid":643},{"bookingid":684},{"bookingid":334},{"bookingid":888},{"bookingid":41},{"bookingid":596},{"bookingid":460},{"bookingid":31},{"bookingid":633},{"bookingid":612},{"bookingid":67},{"bookingid":891},{"bookingid":174},{"bookingid":731},{"bookingid":931},{"bookingid":854},{"bookingid":761},{"bookingid":560},{"bookingid":11},{"bookingid":589},{"bookingid":593},{"bookingid":399},{"bookingid":244},{"bookingid":787},{"bookingid":973},{"bookingid":688},{"bookingid":1030},{"bookingid":166},{"bookingid":250},{"bookingid":228},{"bookingid":225},{"bookingid":881},{"bookingid":229},{"bookingid":436},{"bookingid":1103},{"bookingid":108},{"bookingid":488},{"bookingid":681},{"bookingid":923},{"bookingid":1072},{"bookingid":724},{"bookingid":52},{"bookingid":138},{"bookingid":14},{"bookingid":645},{"bookingid":345},{"bookingid":328},{"bookingid":820},{"bookingid":847},{"bookingid":511},{"bookingid":1011},{"bookingid":956},{"bookingid":169},{"bookingid":537},{"bookingid":777},{"bookingid":27},{"bookingid":497},{"bookingid":572},{"bookingid":91},{"bookingid":804},{"bookingid":443},{"bookingid":672},{"bookingid":469},{"bookingid":367},{"bookingid":278},{"bookingid":355},{"bookingid":237},{"bookingid":1110},{"bookingid":434},{"bookingid":759},{"bookingid":868},{"bookingid":933},{"bookingid":1043},{"bookingid":117},{"bookingid":1068},{"bookingid":438},{"bookingid":717},{"bookingid":408},{"bookingid":857},{"bookingid":340},{"bookingid":920},{"bookingid":92},{"bookingid":599},{"bookingid":292},{"bookingid":829},{"bookingid":921},{"bookingid":9},{"bookingid":873},{"bookingid":82},{"bookingid":49},{"bookingid":168},{"bookingid":409},{"bookingid":1085},{"bookingid":943},{"bookingid":259},{"bookingid":833},{"bookingid":577},{"bookingid":882},{"bookingid":374},{"bookingid":605},{"bookingid":241},{"bookingid":1132},{"bookingid":1020},{"bookingid":860},{"bookingid":813},{"bookingid":795},{"bookingid":391},{"bookingid":867},{"bookingid":706},{"bookingid":283},{"bookingid":834},{"bookingid":1080},{"bookingid":730},{"bookingid":21},{"bookingid":128},{"bookingid":1069},{"bookingid":532},{"bookingid":1023},{"bookingid":271},{"bookingid":959},{"bookingid":1055},{"bookingid":46},{"bookingid":28},{"bookingid":814},{"bookingid":295},{"bookingid":100},{"bookingid":723},{"bookingid":952},{"bookingid":210},{"bookingid":477},{"bookingid":105},{"bookingid":671},{"bookingid":1013},{"bookingid":843},{"bookingid":949},{"bookingid":437},{"bookingid":207},{"bookingid":312},{"bookingid":770},{"bookingid":307},{"bookingid":674},{"bookingid":71},{"bookingid":277},{"bookingid":429},{"bookingid":392},{"bookingid":872},{"bookingid":580},{"bookingid":751},{"bookingid":941},{"bookingid":780},{"bookingid":335},{"bookingid":235},{"bookingid":744},{"bookingid":452},{"bookingid":700},{"bookingid":893},{"bookingid":236},{"bookingid":904},{"bookingid":850},{"bookingid":749},{"bookingid":725},{"bookingid":103},{"bookingid":746},{"bookingid":564},{"bookingid":180},{"bookingid":13},{"bookingid":592},{"bookingid":159},{"bookingid":130},{"bookingid":627},{"bookingid":491},{"bookingid":1026},{"bookingid":676},{"bookingid":695},{"bookingid":789},{"bookingid":453},{"bookingid":445},{"bookingid":552},{"bookingid":248},{"bookingid":209},{"bookingid":863},{"bookingid":165},{"bookingid":37},{"bookingid":979},{"bookingid":579},{"bookingid":380},{"bookingid":36},{"bookingid":432},{"bookingid":775},{"bookingid":266},{"bookingid":897},{"bookingid":848},{"bookingid":322},{"bookingid":895},{"bookingid":697},{"bookingid":505},{"bookingid":1036},{"bookingid":8},{"bookingid":321},{"bookingid":371},{"bookingid":343},{"bookingid":4},{"bookingid":1123},{"bookingid":550},{"bookingid":162},{"bookingid":975},{"bookingid":201},{"bookingid":980},{"bookingid":188},{"bookingid":154},{"bookingid":177},{"bookingid":319},{"bookingid":719},{"bookingid":1066},{"bookingid":190},{"bookingid":531},{"bookingid":694},{"bookingid":69},{"bookingid":38},{"bookingid":733},{"bookingid":1127},{"bookingid":132},{"bookingid":620},{"bookingid":134},{"bookingid":1093},{"bookingid":565},{"bookingid":15},{"bookingid":441},{"bookingid":1134},{"bookingid":310},{"bookingid":337},{"bookingid":242},{"bookingid":196},{"bookingid":735},{"bookingid":1076},{"bookingid":546},{"bookingid":451},{"bookingid":527},{"bookingid":1131},{"bookingid":217},{"bookingid":480},{"bookingid":616},{"bookingid":520},{"bookingid":306},{"bookingid":986},{"bookingid":163},{"bookingid":51},{"bookingid":851},{"bookingid":678},{"bookingid":793},{"bookingid":419},{"bookingid":809},{"bookingid":513},{"bookingid":247},{"bookingid":615},{"bookingid":379},{"bookingid":557},{"bookingid":484},{"bookingid":883},{"bookingid":969},{"bookingid":114},{"bookingid":992},{"bookingid":302},{"bookingid":356},{"bookingid":755},{"bookingid":304},{"bookingid":349},{"bookingid":296},{"bookingid":573},{"bookingid":48},{"bookingid":535},{"bookingid":186},{"bookingid":286},{"bookingid":947},{"bookingid":901},{"bookingid":584},{"bookingid":331},{"bookingid":64},{"bookingid":395},{"bookingid":571},{"bookingid":939},{"bookingid":26},{"bookingid":716},{"bookingid":156},{"bookingid":1062},{"bookingid":40},{"bookingid":274},{"bookingid":126},{"bookingid":608},{"bookingid":273},{"bookingid":111},{"bookingid":424},{"bookingid":614},{"bookingid":298},{"bookingid":840},{"bookingid":806},{"bookingid":907},{"bookingid":774},{"bookingid":784},{"bookingid":570},{"bookingid":936},{"bookingid":1089},{"bookingid":711},{"bookingid":831},{"bookingid":1100},{"bookingid":977},{"bookingid":837},{"bookingid":332},{"bookingid":705},{"bookingid":57},{"bookingid":686},{"bookingid":102},{"bookingid":549},{"bookingid":483},{"bookingid":1000},{"bookingid":447},{"bookingid":617},{"bookingid":230},{"bookingid":530},{"bookingid":1053},{"bookingid":97},{"bookingid":482},{"bookingid":5},{"bookingid":999},{"bookingid":401},{"bookingid":243},{"bookingid":658},{"bookingid":376},{"bookingid":182},{"bookingid":6},{"bookingid":569},{"bookingid":649},{"bookingid":144},{"bookingid":699},{"bookingid":691},{"bookingid":24},{"bookingid":256},{"bookingid":87},{"bookingid":446},{"bookingid":293},{"bookingid":297},{"bookingid":276},{"bookingid":663},{"bookingid":121},{"bookingid":503},{"bookingid":722},{"bookingid":713},{"bookingid":1098},{"bookingid":668},{"bookingid":542},{"bookingid":89},{"bookingid":682},{"bookingid":54},{"bookingid":327},{"bookingid":967},{"bookingid":84},{"bookingid":821},{"bookingid":812},{"bookingid":258},{"bookingid":801},{"bookingid":623},{"bookingid":929},{"bookingid":1041},{"bookingid":866},{"bookingid":257},{"bookingid":651},{"bookingid":1003},{"bookingid":1064},{"bookingid":750},{"bookingid":221},{"bookingid":827},{"bookingid":1102},{"bookingid":387},{"bookingid":1027},{"bookingid":473},{"bookingid":1081},{"bookingid":666},{"bookingid":363},{"bookingid":110},{"bookingid":382},{"bookingid":740},{"bookingid":878},{"bookingid":963},{"bookingid":629},{"bookingid":1048},{"bookingid":149},{"bookingid":427},{"bookingid":635},{"bookingid":59},{"bookingid":400},{"bookingid":285},{"bookingid":1095},{"bookingid":12},{"bookingid":964},{"bookingid":991},{"bookingid":141},{"bookingid":944},{"bookingid":1126},{"bookingid":181},{"bookingid":260},{"bookingid":365},{"bookingid":1136},{"bookingid":797},{"bookingid":522},{"bookingid":937},{"bookingid":846},{"bookingid":1006},{"bookingid":611},{"bookingid":1135},{"bookingid":556},{"bookingid":704},{"bookingid":818},{"bookingid":786},{"bookingid":202},{"bookingid":398},{"bookingid":205},{"bookingid":81},{"bookingid":509},{"bookingid":648},{"bookingid":216},{"bookingid":458},{"bookingid":910},{"bookingid":687},{"bookingid":819},{"bookingid":76},{"bookingid":267},{"bookingid":175},{"bookingid":1056},{"bookingid":622},{"bookingid":1008},{"bookingid":1059},{"bookingid":914},{"bookingid":802},{"bookingid":630},{"bookingid":189},{"bookingid":764},{"bookingid":1129},{"bookingid":50},{"bookingid":996},{"bookingid":63},{"bookingid":184},{"bookingid":454},{"bookingid":325},{"bookingid":539},{"bookingid":146},{"bookingid":828},{"bookingid":690},{"bookingid":272},{"bookingid":393},{"bookingid":176},{"bookingid":807},{"bookingid":7},{"bookingid":858},{"bookingid":498},{"bookingid":701},{"bookingid":98},{"bookingid":1044},{"bookingid":912},{"bookingid":822},{"bookingid":131},{"bookingid":18},{"bookingid":805},{"bookingid":361},{"bookingid":135},{"bookingid":985},{"bookingid":1034},{"bookingid":470},{"bookingid":60},{"bookingid":1090},{"bookingid":413},{"bookingid":416},{"bookingid":836},{"bookingid":486},{"bookingid":524},{"bookingid":989},{"bookingid":193},{"bookingid":869},{"bookingid":776},{"bookingid":360},{"bookingid":590},{"bookingid":353},{"bookingid":33},{"bookingid":1070},{"bookingid":492},{"bookingid":1079},{"bookingid":22},{"bookingid":958},{"bookingid":85},{"bookingid":344},{"book... (set the log level to DEBUG or TRACE to see the full content) 
 </msg>
<msg time="2025-09-04T17:42:30.765013" level="INFO">C:\Users\Ideapad\AppData\Local\Programs\Python\Python313\Lib\site-packages\urllib3\connectionpool.py:1097: InsecureRequestWarning: Unverified HTTPS request is being made to host 'restful-booker.herokuapp.com'. Adding certificate verification is strongly advised. See: https://urllib3.readthedocs.io/en/latest/advanced-usage.html#tls-warnings
  warnings.warn(</msg>
<msg time="2025-09-04T17:42:30.770948" level="INFO">${resposta} = &lt;Response [200]&gt;</msg>
<var>${resposta}</var>
<arg>API-Reservas</arg>
<arg>/booking</arg>
<doc>Sends a GET request on a previously created HTTP Session.</doc>
<status status="PASS" start="2025-09-04T17:42:30.028750" elapsed="0.742544"/>
</kw>
<kw name="Set Global Variable" owner="BuiltIn">
<msg time="2025-09-04T17:42:30.772563" level="INFO">${resposta} = &lt;Response [200]&gt;</msg>
<arg>${resposta}</arg>
<doc>Makes a variable available globally in all tests and suites.</doc>
<status status="PASS" start="2025-09-04T17:42:30.771781" elapsed="0.001140"/>
</kw>
<kw name="Log To Console" owner="BuiltIn">
<arg>${resposta}</arg>
<doc>Logs the given message to the console.</doc>
<status status="PASS" start="2025-09-04T17:42:30.773605" elapsed="0.001877"/>
</kw>
<status status="PASS" start="2025-09-04T17:42:30.027942" elapsed="0.747943"/>
</kw>
<kw name="Checar Status Code &quot;200&quot;" owner="api_testing_booking" source_name="Checar Status Code &quot;${status_code}&quot;">
<kw name="Status Should Be" owner="RequestsLibrary">
<msg time="2025-09-04T17:42:30.778735" level="FAIL">InvalidResponse: 200</msg>
<arg>${resposta.status_code}</arg>
<arg>${status_code}</arg>
<doc>Fails if response status code is different than the expected.</doc>
<status status="FAIL" start="2025-09-04T17:42:30.777987" elapsed="0.004442">InvalidResponse: 200</status>
</kw>
<status status="FAIL" start="2025-09-04T17:42:30.777569" elapsed="0.005410">InvalidResponse: 200</status>
</kw>
<status status="FAIL" start="2025-09-04T17:42:30.016753" elapsed="0.767355">InvalidResponse: 200</status>
</test>
<status status="FAIL" start="2025-09-04T17:42:29.797035" elapsed="0.988461"/>
</suite>
<statistics>
<total>
<stat pass="0" fail="1" skip="0">All Tests</stat>
</total>
<tag>
</tag>
<suite>
<stat name="Api Testing Booking" id="s1" pass="0" fail="1" skip="0">Api Testing Booking</stat>
</suite>
</statistics>
<errors>
</errors>
</robot>
