<?xml version="1.0" encoding="UTF-8"?>
<robot generator="Robot 7.3.2 (Python 3.13.7 on win32)" generated="2025-09-17T14:03:04.174057" rpa="false" schemaversion="5">
<suite id="s1" name="Hello" source="C:\Users\Ideapad\Documents\Compass UOL\sprint7\QAx\projects\mark85-robot-express\hello.robot">
<test id="s1-t1" name="Deve mostrar mensagem de boas vindas" line="7">
<kw name="Log To Console" owner="BuiltIn">
<arg>Hello Robot Framework</arg>
<doc>Logs the given message to the console.</doc>
<status status="PASS" start="2025-09-17T14:03:04.307637" elapsed="0.000413"/>
</kw>
<kw name="My Log" owner="mylib">
<msg time="2025-09-17T14:03:04.308585" level="INFO">Hello Robot Framework from mylib.py</msg>
<arg>Hello Robot Framework from mylib.py</arg>
<status status="PASS" start="2025-09-17T14:03:04.308424" elapsed="0.000235"/>
</kw>
<status status="PASS" start="2025-09-17T14:03:04.306303" elapsed="0.002641"/>
</test>
<doc>Um exemplo em Robot Framework</doc>
<status status="PASS" start="2025-09-17T14:03:04.176760" elapsed="0.134115"/>
</suite>
<statistics>
<total>
<stat pass="1" fail="0" skip="0">All Tests</stat>
</total>
<tag>
</tag>
<suite>
<stat name="Hello" id="s1" pass="1" fail="0" skip="0">Hello</stat>
</suite>
</statistics>
<errors>
</errors>
</robot>
