<?xml version="1.0" encoding="UTF-8"?>
<robot generator="Robot 7.3.2 (Python 3.13.7 on win32)" generated="2025-08-31T20:56:23.857231" rpa="false" schemaversion="5">
<suite id="s1" name="UsandoWhile" source="c:\Users\Ideapad\Documents\Compass UOL\ROBOT\ExemplosEstruturas\UsandoWhile.robot">
<test id="s1-t1" name="Caso de teste exemplo de WHILE" line="17">
<kw name="Log To Console" owner="BuiltIn" type="SETUP">
<arg>${\n}</arg>
<doc>Logs the given message to the console.</doc>
<status status="PASS" start="2025-08-31T20:56:23.912168" elapsed="0.004957"/>
</kw>
<kw name="Usando WHILE para loop">
<kw name="Log To Console" owner="BuiltIn">
<arg>${\n}</arg>
<doc>Logs the given message to the console.</doc>
<status status="PASS" start="2025-08-31T20:56:23.924588" elapsed="0.002662"/>
</kw>
<while condition="${STATUS} &lt;= 5">
<iter>
<kw name="Log" owner="BuiltIn">
<msg time="2025-08-31T20:56:23.930344" level="INFO">Executando esse bloco enquanto o valor da variável STATUS [1] for menor ou igual a 5!</msg>
<arg>Executando esse bloco enquanto o valor da variável STATUS [${STATUS}] for menor ou igual a 5!</arg>
<doc>Logs the given message with the given level.</doc>
<status status="PASS" start="2025-08-31T20:56:23.929040" elapsed="0.005571"/>
</kw>
<kw name="Log To Console" owner="BuiltIn">
<arg>Executando esse bloco enquanto o valor da variável STATUS [${STATUS}] for menor ou igual a 5!</arg>
<doc>Logs the given message to the console.</doc>
<status status="PASS" start="2025-08-31T20:56:23.934994" elapsed="0.002324"/>
</kw>
<kw name="Set Variable" owner="BuiltIn">
<msg time="2025-08-31T20:56:23.938830" level="INFO">${STATUS} = 2</msg>
<var>${STATUS}</var>
<arg>${STATUS+1}</arg>
<doc>Returns the given values which can then be assigned to a variables.</doc>
<status status="PASS" start="2025-08-31T20:56:23.937699" elapsed="0.001357"/>
</kw>
<status status="PASS" start="2025-08-31T20:56:23.927765" elapsed="0.011448"/>
</iter>
<iter>
<kw name="Log" owner="BuiltIn">
<msg time="2025-08-31T20:56:23.940089" level="INFO">Executando esse bloco enquanto o valor da variável STATUS [2] for menor ou igual a 5!</msg>
<arg>Executando esse bloco enquanto o valor da variável STATUS [${STATUS}] for menor ou igual a 5!</arg>
<doc>Logs the given message with the given level.</doc>
<status status="PASS" start="2025-08-31T20:56:23.939774" elapsed="0.000515"/>
</kw>
<kw name="Log To Console" owner="BuiltIn">
<arg>Executando esse bloco enquanto o valor da variável STATUS [${STATUS}] for menor ou igual a 5!</arg>
<doc>Logs the given message to the console.</doc>
<status status="PASS" start="2025-08-31T20:56:23.940506" elapsed="0.000601"/>
</kw>
<kw name="Set Variable" owner="BuiltIn">
<msg time="2025-08-31T20:56:23.942239" level="INFO">${STATUS} = 3</msg>
<var>${STATUS}</var>
<arg>${STATUS+1}</arg>
<doc>Returns the given values which can then be assigned to a variables.</doc>
<status status="PASS" start="2025-08-31T20:56:23.941413" elapsed="0.001006"/>
</kw>
<status status="PASS" start="2025-08-31T20:56:23.939345" elapsed="0.003238"/>
</iter>
<iter>
<kw name="Log" owner="BuiltIn">
<msg time="2025-08-31T20:56:23.943404" level="INFO">Executando esse bloco enquanto o valor da variável STATUS [3] for menor ou igual a 5!</msg>
<arg>Executando esse bloco enquanto o valor da variável STATUS [${STATUS}] for menor ou igual a 5!</arg>
<doc>Logs the given message with the given level.</doc>
<status status="PASS" start="2025-08-31T20:56:23.943099" elapsed="0.000511"/>
</kw>
<kw name="Log To Console" owner="BuiltIn">
<arg>Executando esse bloco enquanto o valor da variável STATUS [${STATUS}] for menor ou igual a 5!</arg>
<doc>Logs the given message to the console.</doc>
<status status="PASS" start="2025-08-31T20:56:23.943845" elapsed="0.001059"/>
</kw>
<kw name="Set Variable" owner="BuiltIn">
<msg time="2025-08-31T20:56:23.946085" level="INFO">${STATUS} = 4</msg>
<var>${STATUS}</var>
<arg>${STATUS+1}</arg>
<doc>Returns the given values which can then be assigned to a variables.</doc>
<status status="PASS" start="2025-08-31T20:56:23.945257" elapsed="0.001020"/>
</kw>
<status status="PASS" start="2025-08-31T20:56:23.942727" elapsed="0.003688"/>
</iter>
<iter>
<kw name="Log" owner="BuiltIn">
<msg time="2025-08-31T20:56:23.947145" level="INFO">Executando esse bloco enquanto o valor da variável STATUS [4] for menor ou igual a 5!</msg>
<arg>Executando esse bloco enquanto o valor da variável STATUS [${STATUS}] for menor ou igual a 5!</arg>
<doc>Logs the given message with the given level.</doc>
<status status="PASS" start="2025-08-31T20:56:23.946878" elapsed="0.000433"/>
</kw>
<kw name="Log To Console" owner="BuiltIn">
<arg>Executando esse bloco enquanto o valor da variável STATUS [${STATUS}] for menor ou igual a 5!</arg>
<doc>Logs the given message to the console.</doc>
<status status="PASS" start="2025-08-31T20:56:23.947511" elapsed="0.000502"/>
</kw>
<kw name="Set Variable" owner="BuiltIn">
<msg time="2025-08-31T20:56:23.948972" level="INFO">${STATUS} = 5</msg>
<var>${STATUS}</var>
<arg>${STATUS+1}</arg>
<doc>Returns the given values which can then be assigned to a variables.</doc>
<status status="PASS" start="2025-08-31T20:56:23.948273" elapsed="0.000850"/>
</kw>
<status status="PASS" start="2025-08-31T20:56:23.946521" elapsed="0.002726"/>
</iter>
<iter>
<kw name="Log" owner="BuiltIn">
<msg time="2025-08-31T20:56:23.949971" level="INFO">Executando esse bloco enquanto o valor da variável STATUS [5] for menor ou igual a 5!</msg>
<arg>Executando esse bloco enquanto o valor da variável STATUS [${STATUS}] for menor ou igual a 5!</arg>
<doc>Logs the given message with the given level.</doc>
<status status="PASS" start="2025-08-31T20:56:23.949694" elapsed="0.000442"/>
</kw>
<kw name="Log To Console" owner="BuiltIn">
<arg>Executando esse bloco enquanto o valor da variável STATUS [${STATUS}] for menor ou igual a 5!</arg>
<doc>Logs the given message to the console.</doc>
<status status="PASS" start="2025-08-31T20:56:23.950332" elapsed="0.000481"/>
</kw>
<kw name="Set Variable" owner="BuiltIn">
<msg time="2025-08-31T20:56:23.951786" level="INFO">${STATUS} = 6</msg>
<var>${STATUS}</var>
<arg>${STATUS+1}</arg>
<doc>Returns the given values which can then be assigned to a variables.</doc>
<status status="PASS" start="2025-08-31T20:56:23.951127" elapsed="0.000817"/>
</kw>
<status status="PASS" start="2025-08-31T20:56:23.949364" elapsed="0.002692"/>
</iter>
<status status="PASS" start="2025-08-31T20:56:23.927758" elapsed="0.024524"/>
</while>
<status status="PASS" start="2025-08-31T20:56:23.922614" elapsed="0.029832"/>
</kw>
<kw name="Log To Console" owner="BuiltIn" type="TEARDOWN">
<arg>${\n}</arg>
<doc>Logs the given message to the console.</doc>
<status status="PASS" start="2025-08-31T20:56:23.953050" elapsed="0.000531"/>
</kw>
<status status="PASS" start="2025-08-31T20:56:23.907507" elapsed="0.046490"/>
</test>
<doc>Suíte para exemplificar o uso de LOOPS nos testes
Os LOOPS devem ser pouco utilizados, mas tem hora que não tem jeito
e precisamos dele mesmo, então vamos ver como é!
LOOPS: use com moderação!
Infelizmente o Loop FOR ainda não tem uma estrutura keyword-driven
Mas o criador do Robot já disse que estão estudando uma solução!</doc>
<status status="PASS" start="2025-08-31T20:56:23.867773" elapsed="0.088026"/>
</suite>
<statistics>
<total>
<stat pass="1" fail="0" skip="0">All Tests</stat>
</total>
<tag>
</tag>
<suite>
<stat name="UsandoWhile" id="s1" pass="1" fail="0" skip="0">UsandoWhile</stat>
</suite>
</statistics>
<errors>
<msg time="2025-08-31T20:56:23.735895" level="WARN">Error in file 'c:\Users\Ideapad\Documents\Compass UOL\ROBOT\ExemplosEstruturas\UsandoWhile.robot' on line 16: Singular section headers like '*** Test Case ***' are deprecated. Use plural format like '*** Test Cases ***' instead.</msg>
</errors>
</robot>
